<?xml version="1.0" encoding="UTF-8"?>
<testsuite xmlns:xsi="http://www.w3.org/2001/XMLSchema-instance" xsi:noNamespaceSchemaLocation="https://maven.apache.org/surefire/maven-surefire-plugin/xsd/surefire-test-report-3.0.xsd" version="3.0" name="vetor.TestVetor" time="0.082" tests="4" errors="0" skipped="0" failures="0">
  <properties>
[...]
</properties>
  <testcase name="testProcurar" classname="vetor.TestVetor" time="0.004"/>
  <testcase name="testRemover" classname="vetor.TestVetor" time="0.0"/>
  <testcase name="testVetorMaximo" classname="vetor.TestVetor" time="0.0"/>
  <testcase name="testInserir" classname="vetor.TestVetor" time="0.0"/>
</testsuite>